[2023-01-08 20:05:56.351442] INFO: SQL query executed: [INSERT INTO logs (url, created) VALUES (:url, :created)] - Context: []
[2023-01-08 20:05:56.355516] INFO: SQL query executed: [SELECT * FROM players WHERE world = :world ORDER BY total_xp DESC LIMIT 100] - Context: []
[2023-01-08 20:05:56.356126] INFO: SQL query executed: [SELECT * FROM players WHERE world = :world ORDER BY total_xp DESC LIMIT 100] - Context: []
[2023-01-08 20:05:56.356838] INFO: SQL query executed: [SELECT * FROM clans WHERE world = :world] - Context: []
[2023-01-08 20:05:56.356975] INFO: SQL query executed: [SELECT * FROM clans WHERE world = :world] - Context: []
[2023-01-08 20:05:56.358984] INFO: SQL query executed: [SELECT uuid, email, password, created FROM users WHERE email = :email] - Context: []
[2023-01-08 20:05:56.860808] INFO: SQL query executed: [INSERT INTO logs (url, created) VALUES (:url, :created)] - Context: []
[2023-01-08 20:05:56.875486] INFO: SQL query executed: [SELECT * FROM players WHERE world = :world ORDER BY total_xp DESC LIMIT 100] - Context: []
[2023-01-08 20:05:56.876427] INFO: SQL query executed: [SELECT * FROM players WHERE world = :world ORDER BY total_xp DESC LIMIT 100] - Context: []
[2023-01-08 20:05:56.877537] INFO: SQL query executed: [SELECT * FROM clans WHERE world = :world] - Context: []
[2023-01-08 20:05:56.877745] INFO: SQL query executed: [SELECT * FROM clans WHERE world = :world] - Context: []
[2023-01-08 20:05:56.880852] INFO: SQL query executed: [SELECT uuid, email, password, created FROM users WHERE email = :email] - Context: []
[2023-01-08 20:27:01.012793] INFO: SQL query executed: [INSERT INTO logs (url, created) VALUES (:url, :created)] - Context: []
[2023-01-08 20:27:01.024215] INFO: SQL query executed: [SELECT * FROM players WHERE world = :world ORDER BY total_xp DESC LIMIT 100] - Context: []
[2023-01-08 20:27:01.024811] INFO: SQL query executed: [SELECT * FROM players WHERE world = :world ORDER BY total_xp DESC LIMIT 100] - Context: []
[2023-01-08 20:27:01.025448] INFO: SQL query executed: [SELECT * FROM clans WHERE world = :world] - Context: []
[2023-01-08 20:27:01.025579] INFO: SQL query executed: [SELECT * FROM clans WHERE world = :world] - Context: []
[2023-01-08 20:27:04.961691] INFO: SQL query executed: [INSERT INTO logs (url, created) VALUES (:url, :created)] - Context: []
[2023-01-08 20:27:04.974035] INFO: SQL query executed: [SELECT * FROM players WHERE world = :world ORDER BY total_xp DESC LIMIT 100] - Context: []
[2023-01-08 20:27:04.974967] INFO: SQL query executed: [SELECT * FROM players WHERE world = :world ORDER BY total_xp DESC LIMIT 100] - Context: []
[2023-01-08 20:27:04.976014] INFO: SQL query executed: [SELECT * FROM clans WHERE world = :world] - Context: []
[2023-01-08 20:27:04.976225] INFO: SQL query executed: [SELECT * FROM clans WHERE world = :world] - Context: []
[2023-01-08 20:27:46.805644] INFO: SQL query executed: [INSERT INTO logs (url, created) VALUES (:url, :created)] - Context: []
[2023-01-08 20:27:46.817199] INFO: SQL query executed: [SELECT * FROM players WHERE world = :world ORDER BY total_xp DESC LIMIT 100] - Context: []
[2023-01-08 20:27:46.818166] INFO: SQL query executed: [SELECT * FROM players WHERE world = :world ORDER BY total_xp DESC LIMIT 100] - Context: []
[2023-01-08 20:27:46.819226] INFO: SQL query executed: [SELECT * FROM clans WHERE world = :world] - Context: []
[2023-01-08 20:27:46.819442] INFO: SQL query executed: [SELECT * FROM clans WHERE world = :world] - Context: []
[2023-01-08 20:32:46.868468] INFO: SQL query executed: [INSERT INTO logs (url, created) VALUES (:url, :created)] - Context: []
[2023-01-08 20:32:46.922606] INFO: SQL query executed: [INSERT INTO logs (url, created) VALUES (:url, :created)] - Context: []
[2023-01-08 20:32:56.952123] INFO: SQL query executed: [INSERT INTO logs (url, created) VALUES (:url, :created)] - Context: []
[2023-01-08 20:32:56.990403] INFO: SQL query executed: [INSERT INTO logs (url, created) VALUES (:url, :created)] - Context: []
[2023-01-08 20:33:23.526389] INFO: SQL query executed: [INSERT INTO logs (url, created) VALUES (:url, :created)] - Context: []
[2023-01-08 20:33:23.583710] INFO: SQL query executed: [INSERT INTO logs (url, created) VALUES (:url, :created)] - Context: []
[2023-01-08 20:33:30.988662] INFO: SQL query executed: [INSERT INTO logs (url, created) VALUES (:url, :created)] - Context: []
[2023-01-08 20:33:31.024164] INFO: SQL query executed: [INSERT INTO logs (url, created) VALUES (:url, :created)] - Context: []
[2023-01-08 20:33:37.736303] INFO: SQL query executed: [INSERT INTO logs (url, created) VALUES (:url, :created)] - Context: []
[2023-01-08 20:33:37.798811] INFO: SQL query executed: [INSERT INTO logs (url, created) VALUES (:url, :created)] - Context: []
[2023-01-08 20:33:39.569703] INFO: SQL query executed: [INSERT INTO logs (url, created) VALUES (:url, :created)] - Context: []
[2023-01-08 20:33:39.632053] INFO: SQL query executed: [INSERT INTO logs (url, created) VALUES (:url, :created)] - Context: []
[2023-01-08 20:34:32.643765] INFO: SQL query executed: [INSERT INTO logs (url, created) VALUES (:url, :created)] - Context: []
[2023-01-08 20:34:32.688697] INFO: SQL query executed: [INSERT INTO logs (url, created) VALUES (:url, :created)] - Context: []
[2023-01-08 20:34:38.290240] INFO: SQL query executed: [INSERT INTO logs (url, created) VALUES (:url, :created)] - Context: []
[2023-01-08 20:38:07.524286] INFO: SQL query executed: [INSERT INTO logs (url, created) VALUES (:url, :created)] - Context: []
[2023-01-08 20:38:07.535769] ERROR: Jesperbeisner\Fwstats\Controller\LogController::__construct(): Argument #1 ($logRepository) must be of type Jesperbeisner\Fwstats\Repository\LogRepository, Jesperbeisner\Fwstats\Stdlib\Session given, called in /var/www/html/src/Controller/Factory/LogControllerFactory.php on line 23 - Context: []
[2023-01-08 20:38:28.814166] INFO: SQL query executed: [INSERT INTO logs (url, created) VALUES (:url, :created)] - Context: []
[2023-01-08 20:38:28.825756] INFO: SQL query executed: [SELECT * FROM logs ORDER BY id DESC LIMIT 250] - Context: []
[2023-01-08 20:38:32.591130] INFO: SQL query executed: [INSERT INTO logs (url, created) VALUES (:url, :created)] - Context: []
[2023-01-08 20:38:32.603052] INFO: SQL query executed: [SELECT * FROM players WHERE world = :world ORDER BY total_xp DESC LIMIT 100] - Context: []
[2023-01-08 20:38:32.603635] INFO: SQL query executed: [SELECT * FROM players WHERE world = :world ORDER BY total_xp DESC LIMIT 100] - Context: []
[2023-01-08 20:38:32.604280] INFO: SQL query executed: [SELECT * FROM clans WHERE world = :world] - Context: []
[2023-01-08 20:38:32.604411] INFO: SQL query executed: [SELECT * FROM clans WHERE world = :world] - Context: []
[2023-01-08 20:38:59.566624] INFO: SQL query executed: [INSERT INTO logs (url, created) VALUES (:url, :created)] - Context: []
[2023-01-08 20:38:59.578367] INFO: SQL query executed: [SELECT * FROM players WHERE world = :world ORDER BY total_xp DESC LIMIT 100] - Context: []
[2023-01-08 20:38:59.578954] INFO: SQL query executed: [SELECT * FROM players WHERE world = :world ORDER BY total_xp DESC LIMIT 100] - Context: []
[2023-01-08 20:38:59.579598] INFO: SQL query executed: [SELECT * FROM clans WHERE world = :world] - Context: []
[2023-01-08 20:38:59.579729] INFO: SQL query executed: [SELECT * FROM clans WHERE world = :world] - Context: []
[2023-01-08 20:39:09.570790] INFO: SQL query executed: [INSERT INTO logs (url, created) VALUES (:url, :created)] - Context: []
[2023-01-08 20:39:09.591448] INFO: SQL query executed: [INSERT INTO logs (url, created) VALUES (:url, :created)] - Context: []
[2023-01-08 20:39:20.277343] INFO: SQL query executed: [INSERT INTO logs (url, created) VALUES (:url, :created)] - Context: []
[2023-01-08 20:39:20.289293] INFO: SQL query executed: [SELECT * FROM players WHERE world = :world ORDER BY total_xp DESC LIMIT 100] - Context: []
[2023-01-08 20:39:20.290249] INFO: SQL query executed: [SELECT * FROM players WHERE world = :world ORDER BY total_xp DESC LIMIT 100] - Context: []
[2023-01-08 20:39:20.291308] INFO: SQL query executed: [SELECT * FROM clans WHERE world = :world] - Context: []
[2023-01-08 20:39:20.291526] INFO: SQL query executed: [SELECT * FROM clans WHERE world = :world] - Context: []
[2023-01-08 20:39:23.043376] INFO: SQL query executed: [INSERT INTO logs (url, created) VALUES (:url, :created)] - Context: []
[2023-01-08 20:39:23.065084] INFO: SQL query executed: [INSERT INTO logs (url, created) VALUES (:url, :created)] - Context: []
[2023-01-08 20:42:47.043245] INFO: SQL query executed: [INSERT INTO logs (url, created) VALUES (:url, :created)] - Context: []
[2023-01-08 20:42:47.062315] INFO: SQL query executed: [INSERT INTO logs (url, created) VALUES (:url, :created)] - Context: []
[2023-01-08 20:42:56.869396] INFO: SQL query executed: [INSERT INTO logs (url, created) VALUES (:url, :created)] - Context: []
[2023-01-08 20:42:56.873047] INFO: SQL query executed: [SELECT uuid, email, password, created FROM users WHERE email = :email] - Context: []
[2023-01-08 20:42:56.919827] ERROR: Jesperbeisner\Fwstats\Stdlib\Response::redirect(): Argument #1 ($location) must be of type string, null given, called in /var/www/html/src/Controller/LoginController.php on line 44 - Context: []
[2023-01-08 20:44:16.378568] INFO: SQL query executed: [INSERT INTO logs (url, created) VALUES (:url, :created)] - Context: []
[2023-01-08 20:44:16.391088] INFO: SQL query executed: [SELECT uuid, email, password, created FROM users WHERE email = :email] - Context: []
[2023-01-08 20:44:16.442685] INFO: SQL query executed: [INSERT INTO logs (url, created) VALUES (:url, :created)] - Context: []
[2023-01-08 20:44:16.446547] INFO: SQL query executed: [SELECT * FROM players WHERE world = :world ORDER BY total_xp DESC LIMIT 100] - Context: []
[2023-01-08 20:44:16.447110] INFO: SQL query executed: [SELECT * FROM players WHERE world = :world ORDER BY total_xp DESC LIMIT 100] - Context: []
[2023-01-08 20:44:16.447737] INFO: SQL query executed: [SELECT * FROM clans WHERE world = :world] - Context: []
[2023-01-08 20:44:16.447866] INFO: SQL query executed: [SELECT * FROM clans WHERE world = :world] - Context: []
[2023-01-08 20:44:16.449813] INFO: SQL query executed: [SELECT uuid, email, password, created FROM users WHERE email = :email] - Context: []
[2023-01-08 20:44:18.571591] INFO: SQL query executed: [INSERT INTO logs (url, created) VALUES (:url, :created)] - Context: []
[2023-01-08 20:44:18.583052] INFO: SQL query executed: [SELECT * FROM players WHERE world = :world ORDER BY total_xp DESC LIMIT 100] - Context: []
[2023-01-08 20:44:18.583606] INFO: SQL query executed: [SELECT * FROM players WHERE world = :world ORDER BY total_xp DESC LIMIT 100] - Context: []
[2023-01-08 20:44:18.584218] INFO: SQL query executed: [SELECT * FROM clans WHERE world = :world] - Context: []
[2023-01-08 20:44:18.584341] INFO: SQL query executed: [SELECT * FROM clans WHERE world = :world] - Context: []
[2023-01-08 20:44:18.586206] INFO: SQL query executed: [SELECT uuid, email, password, created FROM users WHERE email = :email] - Context: []
[2023-01-08 20:44:20.200990] INFO: SQL query executed: [INSERT INTO logs (url, created) VALUES (:url, :created)] - Context: []
[2023-01-08 20:44:20.226338] INFO: SQL query executed: [INSERT INTO logs (url, created) VALUES (:url, :created)] - Context: []
[2023-01-08 20:44:20.230073] INFO: SQL query executed: [SELECT * FROM players WHERE world = :world ORDER BY total_xp DESC LIMIT 100] - Context: []
[2023-01-08 20:44:20.230631] INFO: SQL query executed: [SELECT * FROM players WHERE world = :world ORDER BY total_xp DESC LIMIT 100] - Context: []
[2023-01-08 20:44:20.231254] INFO: SQL query executed: [SELECT * FROM clans WHERE world = :world] - Context: []
[2023-01-08 20:44:20.231391] INFO: SQL query executed: [SELECT * FROM clans WHERE world = :world] - Context: []
[2023-01-08 20:44:21.061315] INFO: SQL query executed: [INSERT INTO logs (url, created) VALUES (:url, :created)] - Context: []
[2023-01-08 20:44:21.073016] INFO: SQL query executed: [SELECT * FROM players WHERE world = :world ORDER BY total_xp DESC LIMIT 100] - Context: []
[2023-01-08 20:44:21.073568] INFO: SQL query executed: [SELECT * FROM players WHERE world = :world ORDER BY total_xp DESC LIMIT 100] - Context: []
[2023-01-08 20:44:21.074187] INFO: SQL query executed: [SELECT * FROM clans WHERE world = :world] - Context: []
[2023-01-08 20:44:21.074311] INFO: SQL query executed: [SELECT * FROM clans WHERE world = :world] - Context: []
[2023-01-08 20:44:23.345972] INFO: SQL query executed: [INSERT INTO logs (url, created) VALUES (:url, :created)] - Context: []
[2023-01-08 20:44:23.364820] INFO: SQL query executed: [INSERT INTO logs (url, created) VALUES (:url, :created)] - Context: []
[2023-01-08 20:44:27.976907] INFO: SQL query executed: [INSERT INTO logs (url, created) VALUES (:url, :created)] - Context: []
[2023-01-08 20:44:27.983885] INFO: SQL query executed: [SELECT uuid, email, password, created FROM users WHERE email = :email] - Context: []
[2023-01-08 20:44:28.039231] INFO: SQL query executed: [INSERT INTO logs (url, created) VALUES (:url, :created)] - Context: []
[2023-01-08 20:44:28.042572] INFO: SQL query executed: [SELECT uuid, email, password, created FROM users WHERE email = :email] - Context: []
[2023-01-08 20:44:28.042797] INFO: SQL query executed: [SELECT * FROM logs ORDER BY id DESC LIMIT 250] - Context: []
[2023-01-08 20:44:48.931001] INFO: SQL query executed: [INSERT INTO logs (url, created) VALUES (:url, :created)] - Context: []
[2023-01-08 20:44:48.945401] INFO: SQL query executed: [SELECT uuid, email, password, created FROM users WHERE email = :email] - Context: []
[2023-01-08 20:45:01.537746] INFO: SQL query executed: [INSERT INTO logs (url, created) VALUES (:url, :created)] - Context: []
[2023-01-08 20:45:01.541940] INFO: SQL query executed: [SELECT * FROM players WHERE world = :world ORDER BY total_xp DESC LIMIT 100] - Context: []
[2023-01-08 20:45:01.542495] INFO: SQL query executed: [SELECT * FROM players WHERE world = :world ORDER BY total_xp DESC LIMIT 100] - Context: []
[2023-01-08 20:45:01.543116] INFO: SQL query executed: [SELECT * FROM clans WHERE world = :world] - Context: []
[2023-01-08 20:45:01.543242] INFO: SQL query executed: [SELECT * FROM clans WHERE world = :world] - Context: []
[2023-01-08 20:45:01.545112] INFO: SQL query executed: [SELECT uuid, email, password, created FROM users WHERE email = :email] - Context: []
[2023-01-08 20:45:03.054457] INFO: SQL query executed: [INSERT INTO logs (url, created) VALUES (:url, :created)] - Context: []
[2023-01-08 20:45:03.066922] INFO: SQL query executed: [SELECT * FROM players WHERE world = :world ORDER BY total_xp DESC LIMIT 100] - Context: []
[2023-01-08 20:45:03.067845] INFO: SQL query executed: [SELECT * FROM players WHERE world = :world ORDER BY total_xp DESC LIMIT 100] - Context: []
[2023-01-08 20:45:03.068887] INFO: SQL query executed: [SELECT * FROM clans WHERE world = :world] - Context: []
[2023-01-08 20:45:03.069095] INFO: SQL query executed: [SELECT * FROM clans WHERE world = :world] - Context: []
[2023-01-08 20:45:03.072152] INFO: SQL query executed: [SELECT uuid, email, password, created FROM users WHERE email = :email] - Context: []
[2023-01-08 20:45:03.645775] INFO: SQL query executed: [INSERT INTO logs (url, created) VALUES (:url, :created)] - Context: []
[2023-01-08 20:45:03.661071] INFO: SQL query executed: [SELECT * FROM players WHERE world = :world ORDER BY total_xp DESC LIMIT 100] - Context: []
[2023-01-08 20:45:03.662285] INFO: SQL query executed: [SELECT * FROM players WHERE world = :world ORDER BY total_xp DESC LIMIT 100] - Context: []
[2023-01-08 20:45:03.663696] INFO: SQL query executed: [SELECT * FROM clans WHERE world = :world] - Context: []
[2023-01-08 20:45:03.663977] INFO: SQL query executed: [SELECT * FROM clans WHERE world = :world] - Context: []
[2023-01-08 20:45:03.668007] INFO: SQL query executed: [SELECT uuid, email, password, created FROM users WHERE email = :email] - Context: []
[2023-01-08 20:45:04.984070] INFO: SQL query executed: [INSERT INTO logs (url, created) VALUES (:url, :created)] - Context: []
[2023-01-08 20:45:04.995570] INFO: SQL query executed: [ SELECT p.world, p.name, pas1.player_id, pas2.seconds - pas1.seconds AS playtime FROM players_active_seconds AS pas1 INNER JOIN players_active_seconds AS pas2 ON pas1.player_id = pas2.player_id LEFT JOIN players AS p ON p.player_id = pas1.player_id AND p.world = pas1.world WHERE pas1.world = :world AND pas2.world = :world AND pas1.created = :yesterday AND pas2.created = :today AND pas2.seconds - pas1.seconds > 0 AND p.name IS NOT NULL ORDER BY pas2.seconds - pas1.seconds DESC] - Context: []
[2023-01-08 20:45:04.995682] INFO: SQL query executed: [ SELECT p.world, p.name, pas1.player_id, pas2.seconds - pas1.seconds AS playtime FROM players_active_seconds AS pas1 INNER JOIN players_active_seconds AS pas2 ON pas1.player_id = pas2.player_id LEFT JOIN players AS p ON p.player_id = pas1.player_id AND p.world = pas1.world WHERE pas1.world = :world AND pas2.world = :world AND pas1.created = :yesterday AND pas2.created = :today AND pas2.seconds - pas1.seconds > 0 AND p.name IS NOT NULL ORDER BY pas2.seconds - pas1.seconds DESC] - Context: []
[2023-01-08 20:45:04.996052] INFO: SQL query executed: [SELECT uuid, email, password, created FROM users WHERE email = :email] - Context: []
[2023-01-08 20:45:06.100427] INFO: SQL query executed: [INSERT INTO logs (url, created) VALUES (:url, :created)] - Context: []
[2023-01-08 20:45:06.116626] INFO: SQL query executed: [SELECT * FROM players_name_history WHERE world = :world ORDER BY created DESC] - Context: []
[2023-01-08 20:45:06.116729] INFO: SQL query executed: [SELECT * FROM players_name_history WHERE world = :world ORDER BY created DESC] - Context: []
[2023-01-08 20:45:06.117174] INFO: SQL query executed: [SELECT uuid, email, password, created FROM users WHERE email = :email] - Context: []
[2023-01-08 20:45:06.907234] INFO: SQL query executed: [INSERT INTO logs (url, created) VALUES (:url, :created)] - Context: []
[2023-01-08 20:45:06.919368] INFO: SQL query executed: [SELECT uuid, email, password, created FROM users WHERE email = :email] - Context: []
[2023-01-08 20:45:06.939304] INFO: SQL query executed: [INSERT INTO logs (url, created) VALUES (:url, :created)] - Context: []
[2023-01-08 20:45:06.940170] INFO: SQL query executed: [INSERT INTO logs (url, created) VALUES (:url, :created)] - Context: []
[2023-01-08 20:45:07.979192] INFO: SQL query executed: [INSERT INTO logs (url, created) VALUES (:url, :created)] - Context: []
[2023-01-08 20:45:07.990450] INFO: SQL query executed: [SELECT uuid, email, password, created FROM users WHERE email = :email] - Context: []
[2023-01-08 20:45:07.990688] INFO: SQL query executed: [SELECT * FROM logs ORDER BY id DESC LIMIT 250] - Context: []
[2023-01-08 20:45:09.367763] INFO: SQL query executed: [INSERT INTO logs (url, created) VALUES (:url, :created)] - Context: []
[2023-01-08 20:45:09.395294] INFO: SQL query executed: [INSERT INTO logs (url, created) VALUES (:url, :created)] - Context: []
[2023-01-08 20:45:09.399328] INFO: SQL query executed: [SELECT * FROM players WHERE world = :world ORDER BY total_xp DESC LIMIT 100] - Context: []
[2023-01-08 20:45:09.399912] INFO: SQL query executed: [SELECT * FROM players WHERE world = :world ORDER BY total_xp DESC LIMIT 100] - Context: []
[2023-01-08 20:45:09.400575] INFO: SQL query executed: [SELECT * FROM clans WHERE world = :world] - Context: []
[2023-01-08 20:45:09.400717] INFO: SQL query executed: [SELECT * FROM clans WHERE world = :world] - Context: []
[2023-01-08 20:45:22.835628] INFO: SQL query executed: [INSERT INTO logs (url, created) VALUES (:url, :created)] - Context: []
[2023-01-08 20:45:22.849691] INFO: SQL query executed: [SELECT * FROM players WHERE world = :world ORDER BY total_xp DESC LIMIT 100] - Context: []
[2023-01-08 20:45:22.850624] INFO: SQL query executed: [SELECT * FROM players WHERE world = :world ORDER BY total_xp DESC LIMIT 100] - Context: []
[2023-01-08 20:45:22.851655] INFO: SQL query executed: [SELECT * FROM clans WHERE world = :world] - Context: []
[2023-01-08 20:45:22.851861] INFO: SQL query executed: [SELECT * FROM clans WHERE world = :world] - Context: []
[2023-01-08 20:49:02.491994] INFO: SQL query executed: [INSERT INTO logs (url, created) VALUES (:url, :created)] - Context: []
[2023-01-08 20:49:08.932726] INFO: SQL query executed: [INSERT INTO logs (url, created) VALUES (:url, :created)] - Context: []
[2023-01-08 20:49:08.949540] INFO: SQL query executed: [SELECT uuid, email, password, created FROM users WHERE email = :email] - Context: []
[2023-01-08 20:49:09.020887] ERROR: Call to undefined method Jesperbeisner\Fwstats\Stdlib\Session::flash() - Context: []
[2023-01-08 20:49:21.853474] INFO: SQL query executed: [INSERT INTO logs (url, created) VALUES (:url, :created)] - Context: []
[2023-01-08 20:49:21.857656] INFO: SQL query executed: [SELECT * FROM players WHERE world = :world ORDER BY total_xp DESC LIMIT 100] - Context: []
[2023-01-08 20:49:21.858227] INFO: SQL query executed: [SELECT * FROM players WHERE world = :world ORDER BY total_xp DESC LIMIT 100] - Context: []
[2023-01-08 20:49:21.858851] INFO: SQL query executed: [SELECT * FROM clans WHERE world = :world] - Context: []
[2023-01-08 20:49:21.858978] INFO: SQL query executed: [SELECT * FROM clans WHERE world = :world] - Context: []
[2023-01-08 20:49:21.860859] INFO: SQL query executed: [SELECT uuid, email, password, created FROM users WHERE email = :email] - Context: []
[2023-01-08 20:49:22.795554] INFO: SQL query executed: [INSERT INTO logs (url, created) VALUES (:url, :created)] - Context: []
[2023-01-08 20:49:22.823215] INFO: SQL query executed: [INSERT INTO logs (url, created) VALUES (:url, :created)] - Context: []
[2023-01-08 20:49:22.827858] INFO: SQL query executed: [SELECT * FROM players WHERE world = :world ORDER BY total_xp DESC LIMIT 100] - Context: []
[2023-01-08 20:49:22.828811] INFO: SQL query executed: [SELECT * FROM players WHERE world = :world ORDER BY total_xp DESC LIMIT 100] - Context: []
[2023-01-08 20:49:22.829849] INFO: SQL query executed: [SELECT * FROM clans WHERE world = :world] - Context: []
[2023-01-08 20:49:22.830057] INFO: SQL query executed: [SELECT * FROM clans WHERE world = :world] - Context: []
[2023-01-08 20:49:24.151710] INFO: SQL query executed: [INSERT INTO logs (url, created) VALUES (:url, :created)] - Context: []
[2023-01-08 20:49:24.170226] INFO: SQL query executed: [SELECT * FROM players WHERE world = :world ORDER BY total_xp DESC LIMIT 100] - Context: []
[2023-01-08 20:49:24.171456] INFO: SQL query executed: [SELECT * FROM players WHERE world = :world ORDER BY total_xp DESC LIMIT 100] - Context: []
[2023-01-08 20:49:24.172842] INFO: SQL query executed: [SELECT * FROM clans WHERE world = :world] - Context: []
[2023-01-08 20:49:24.173125] INFO: SQL query executed: [SELECT * FROM clans WHERE world = :world] - Context: []
[2023-01-08 20:49:25.025701] INFO: SQL query executed: [INSERT INTO logs (url, created) VALUES (:url, :created)] - Context: []
[2023-01-08 20:49:32.897920] INFO: SQL query executed: [INSERT INTO logs (url, created) VALUES (:url, :created)] - Context: []
[2023-01-08 20:49:32.913872] INFO: SQL query executed: [SELECT uuid, email, password, created FROM users WHERE email = :email] - Context: []
[2023-01-08 20:49:32.985900] INFO: SQL query executed: [INSERT INTO logs (url, created) VALUES (:url, :created)] - Context: []
[2023-01-08 20:49:32.989728] INFO: SQL query executed: [SELECT * FROM players WHERE world = :world ORDER BY total_xp DESC LIMIT 100] - Context: []
[2023-01-08 20:49:32.990289] INFO: SQL query executed: [SELECT * FROM players WHERE world = :world ORDER BY total_xp DESC LIMIT 100] - Context: []
[2023-01-08 20:49:32.990917] INFO: SQL query executed: [SELECT * FROM clans WHERE world = :world] - Context: []
[2023-01-08 20:49:32.991043] INFO: SQL query executed: [SELECT * FROM clans WHERE world = :world] - Context: []
[2023-01-08 20:49:32.992937] INFO: SQL query executed: [SELECT uuid, email, password, created FROM users WHERE email = :email] - Context: []
[2023-01-08 20:49:51.160390] INFO: SQL query executed: [INSERT INTO logs (url, created) VALUES (:url, :created)] - Context: []
[2023-01-08 20:49:51.173327] INFO: SQL query executed: [SELECT * FROM players WHERE world = :world ORDER BY total_xp DESC LIMIT 100] - Context: []
[2023-01-08 20:49:51.173881] INFO: SQL query executed: [SELECT * FROM players WHERE world = :world ORDER BY total_xp DESC LIMIT 100] - Context: []
[2023-01-08 20:49:51.174503] INFO: SQL query executed: [SELECT * FROM clans WHERE world = :world] - Context: []
[2023-01-08 20:49:51.174629] INFO: SQL query executed: [SELECT * FROM clans WHERE world = :world] - Context: []
[2023-01-08 20:49:51.176500] INFO: SQL query executed: [SELECT uuid, email, password, created FROM users WHERE email = :email] - Context: []
[2023-01-08 20:49:52.227274] INFO: SQL query executed: [INSERT INTO logs (url, created) VALUES (:url, :created)] - Context: []
[2023-01-08 20:49:52.238857] INFO: SQL query executed: [SELECT * FROM players WHERE world = :world ORDER BY total_xp DESC LIMIT 100] - Context: []
[2023-01-08 20:49:52.239414] INFO: SQL query executed: [SELECT * FROM players WHERE world = :world ORDER BY total_xp DESC LIMIT 100] - Context: []
[2023-01-08 20:49:52.240029] INFO: SQL query executed: [SELECT * FROM clans WHERE world = :world] - Context: []
[2023-01-08 20:49:52.240152] INFO: SQL query executed: [SELECT * FROM clans WHERE world = :world] - Context: []
[2023-01-08 20:49:52.242027] INFO: SQL query executed: [SELECT uuid, email, password, created FROM users WHERE email = :email] - Context: []
[2023-01-08 20:49:55.286319] INFO: SQL query executed: [INSERT INTO logs (url, created) VALUES (:url, :created)] - Context: []
[2023-01-08 20:49:55.298127] INFO: SQL query executed: [SELECT * FROM players_name_history WHERE world = :world ORDER BY created DESC] - Context: []
[2023-01-08 20:49:55.298184] INFO: SQL query executed: [SELECT * FROM players_name_history WHERE world = :world ORDER BY created DESC] - Context: []
[2023-01-08 20:49:55.298453] INFO: SQL query executed: [SELECT uuid, email, password, created FROM users WHERE email = :email] - Context: []
[2023-01-08 20:49:56.689964] INFO: SQL query executed: [INSERT INTO logs (url, created) VALUES (:url, :created)] - Context: []
[2023-01-08 20:49:56.705872] INFO: SQL query executed: [SELECT uuid, email, password, created FROM users WHERE email = :email] - Context: []
[2023-01-08 20:49:56.728616] INFO: SQL query executed: [INSERT INTO logs (url, created) VALUES (:url, :created)] - Context: []
[2023-01-08 20:49:56.728704] INFO: SQL query executed: [INSERT INTO logs (url, created) VALUES (:url, :created)] - Context: []
[2023-01-08 20:49:58.029332] INFO: SQL query executed: [INSERT INTO logs (url, created) VALUES (:url, :created)] - Context: []
[2023-01-08 20:49:58.041140] INFO: SQL query executed: [SELECT * FROM players_name_history WHERE world = :world ORDER BY created DESC] - Context: []
[2023-01-08 20:49:58.041198] INFO: SQL query executed: [SELECT * FROM players_name_history WHERE world = :world ORDER BY created DESC] - Context: []
[2023-01-08 20:49:58.041483] INFO: SQL query executed: [SELECT uuid, email, password, created FROM users WHERE email = :email] - Context: []
[2023-01-08 20:49:59.432861] INFO: SQL query executed: [INSERT INTO logs (url, created) VALUES (:url, :created)] - Context: []
[2023-01-08 20:49:59.459271] INFO: SQL query executed: [INSERT INTO logs (url, created) VALUES (:url, :created)] - Context: []
[2023-01-08 20:49:59.463110] INFO: SQL query executed: [SELECT * FROM players WHERE world = :world ORDER BY total_xp DESC LIMIT 100] - Context: []
[2023-01-08 20:49:59.463669] INFO: SQL query executed: [SELECT * FROM players WHERE world = :world ORDER BY total_xp DESC LIMIT 100] - Context: []
[2023-01-08 20:49:59.464298] INFO: SQL query executed: [SELECT * FROM clans WHERE world = :world] - Context: []
[2023-01-08 20:49:59.464426] INFO: SQL query executed: [SELECT * FROM clans WHERE world = :world] - Context: []
[2023-01-08 20:53:54.229442] INFO: SQL query executed: [INSERT INTO logs (url, created) VALUES (:url, :created)] - Context: []
[2023-01-08 20:53:54.246251] INFO: SQL query executed: [SELECT * FROM players WHERE world = :world ORDER BY total_xp DESC LIMIT 100] - Context: []
[2023-01-08 20:53:54.246805] INFO: SQL query executed: [SELECT * FROM players WHERE world = :world ORDER BY total_xp DESC LIMIT 100] - Context: []
[2023-01-08 20:53:54.247429] INFO: SQL query executed: [SELECT * FROM clans WHERE world = :world] - Context: []
[2023-01-08 20:53:54.247555] INFO: SQL query executed: [SELECT * FROM clans WHERE world = :world] - Context: []
[2023-01-08 20:53:57.217045] INFO: SQL query executed: [INSERT INTO logs (url, created) VALUES (:url, :created)] - Context: []
[2023-01-08 20:53:57.237336] INFO: SQL query executed: [SELECT * FROM players WHERE world = :world ORDER BY total_xp DESC LIMIT 100] - Context: []
[2023-01-08 20:53:57.237894] INFO: SQL query executed: [SELECT * FROM players WHERE world = :world ORDER BY total_xp DESC LIMIT 100] - Context: []
[2023-01-08 20:53:57.238512] INFO: SQL query executed: [SELECT * FROM clans WHERE world = :world] - Context: []
[2023-01-08 20:53:57.238637] INFO: SQL query executed: [SELECT * FROM clans WHERE world = :world] - Context: []
[2023-01-08 20:54:17.874555] INFO: SQL query executed: [INSERT INTO logs (url, created) VALUES (:url, :created)] - Context: []
[2023-01-08 20:54:17.891982] INFO: SQL query executed: [SELECT * FROM players WHERE world = :world ORDER BY total_xp DESC LIMIT 100] - Context: []
[2023-01-08 20:54:17.892840] INFO: SQL query executed: [SELECT * FROM players WHERE world = :world ORDER BY total_xp DESC LIMIT 100] - Context: []
[2023-01-08 20:54:17.893796] INFO: SQL query executed: [SELECT * FROM clans WHERE world = :world] - Context: []
[2023-01-08 20:54:17.893971] INFO: SQL query executed: [SELECT * FROM clans WHERE world = :world] - Context: []
[2023-01-08 20:54:22.838017] INFO: SQL query executed: [INSERT INTO logs (url, created) VALUES (:url, :created)] - Context: []
[2023-01-08 20:54:22.849523] INFO: SQL query executed: [SELECT * FROM players WHERE world = :world ORDER BY total_xp DESC LIMIT 100] - Context: []
[2023-01-08 20:54:22.850097] INFO: SQL query executed: [SELECT * FROM players WHERE world = :world ORDER BY total_xp DESC LIMIT 100] - Context: []
[2023-01-08 20:54:22.850744] INFO: SQL query executed: [SELECT * FROM clans WHERE world = :world] - Context: []
[2023-01-08 20:54:22.850874] INFO: SQL query executed: [SELECT * FROM clans WHERE world = :world] - Context: []
[2023-01-08 20:55:15.711276] INFO: SQL query executed: [INSERT INTO logs (url, created) VALUES (:url, :created)] - Context: []
[2023-01-08 20:55:15.726587] INFO: SQL query executed: [SELECT * FROM players WHERE world = :world ORDER BY total_xp DESC LIMIT 100] - Context: []
[2023-01-08 20:55:15.727140] INFO: SQL query executed: [SELECT * FROM players WHERE world = :world ORDER BY total_xp DESC LIMIT 100] - Context: []
[2023-01-08 20:55:15.727755] INFO: SQL query executed: [SELECT * FROM clans WHERE world = :world] - Context: []
[2023-01-08 20:55:15.727879] INFO: SQL query executed: [SELECT * FROM clans WHERE world = :world] - Context: []
[2023-01-08 20:55:16.982903] INFO: SQL query executed: [INSERT INTO logs (url, created) VALUES (:url, :created)] - Context: []
[2023-01-08 20:55:16.996921] INFO: SQL query executed: [SELECT * FROM players WHERE world = :world ORDER BY total_xp DESC LIMIT 100] - Context: []
[2023-01-08 20:55:16.997481] INFO: SQL query executed: [SELECT * FROM players WHERE world = :world ORDER BY total_xp DESC LIMIT 100] - Context: []
[2023-01-08 20:55:16.998101] INFO: SQL query executed: [SELECT * FROM clans WHERE world = :world] - Context: []
[2023-01-08 20:55:16.998224] INFO: SQL query executed: [SELECT * FROM clans WHERE world = :world] - Context: []
[2023-01-08 20:55:17.691172] INFO: SQL query executed: [INSERT INTO logs (url, created) VALUES (:url, :created)] - Context: []
[2023-01-08 20:55:17.702555] INFO: SQL query executed: [SELECT * FROM players WHERE world = :world ORDER BY total_xp DESC LIMIT 100] - Context: []
[2023-01-08 20:55:17.703112] INFO: SQL query executed: [SELECT * FROM players WHERE world = :world ORDER BY total_xp DESC LIMIT 100] - Context: []
[2023-01-08 20:55:17.703725] INFO: SQL query executed: [SELECT * FROM clans WHERE world = :world] - Context: []
[2023-01-08 20:55:17.703849] INFO: SQL query executed: [SELECT * FROM clans WHERE world = :world] - Context: []
[2023-01-08 20:55:30.526836] INFO: SQL query executed: [INSERT INTO logs (url, created) VALUES (:url, :created)] - Context: []
[2023-01-08 20:55:30.538541] INFO: SQL query executed: [SELECT * FROM players WHERE world = :world ORDER BY total_xp DESC LIMIT 100] - Context: []
[2023-01-08 20:55:30.539133] INFO: SQL query executed: [SELECT * FROM players WHERE world = :world ORDER BY total_xp DESC LIMIT 100] - Context: []
[2023-01-08 20:55:30.539780] INFO: SQL query executed: [SELECT * FROM clans WHERE world = :world] - Context: []
[2023-01-08 20:55:30.539911] INFO: SQL query executed: [SELECT * FROM clans WHERE world = :world] - Context: []
[2023-01-08 20:55:38.156093] INFO: SQL query executed: [INSERT INTO logs (url, created) VALUES (:url, :created)] - Context: []
[2023-01-08 20:55:38.167732] INFO: SQL query executed: [SELECT * FROM players WHERE world = :world ORDER BY total_xp DESC LIMIT 100] - Context: []
[2023-01-08 20:55:38.168287] INFO: SQL query executed: [SELECT * FROM players WHERE world = :world ORDER BY total_xp DESC LIMIT 100] - Context: []
[2023-01-08 20:55:38.168915] INFO: SQL query executed: [SELECT * FROM clans WHERE world = :world] - Context: []
[2023-01-08 20:55:38.169044] INFO: SQL query executed: [SELECT * FROM clans WHERE world = :world] - Context: []
[2023-01-08 20:57:22.363064] INFO: SQL query executed: [INSERT INTO logs (url, created) VALUES (:url, :created)] - Context: []
[2023-01-08 20:57:22.383039] INFO: SQL query executed: [SELECT * FROM players WHERE world = :world ORDER BY total_xp DESC LIMIT 100] - Context: []
[2023-01-08 20:57:22.383967] INFO: SQL query executed: [SELECT * FROM players WHERE world = :world ORDER BY total_xp DESC LIMIT 100] - Context: []
[2023-01-08 20:57:22.385005] INFO: SQL query executed: [SELECT * FROM clans WHERE world = :world] - Context: []
[2023-01-08 20:57:22.385215] INFO: SQL query executed: [SELECT * FROM clans WHERE world = :world] - Context: []
[2023-01-08 20:57:29.106594] INFO: SQL query executed: [INSERT INTO logs (url, created) VALUES (:url, :created)] - Context: []
[2023-01-08 20:57:29.126146] INFO: SQL query executed: [SELECT * FROM players WHERE world = :world ORDER BY total_xp DESC LIMIT 100] - Context: []
[2023-01-08 20:57:29.126928] INFO: SQL query executed: [SELECT * FROM players WHERE world = :world ORDER BY total_xp DESC LIMIT 100] - Context: []
[2023-01-08 20:57:29.127960] INFO: SQL query executed: [SELECT * FROM clans WHERE world = :world] - Context: []
[2023-01-08 20:57:29.128167] INFO: SQL query executed: [SELECT * FROM clans WHERE world = :world] - Context: []
[2023-01-08 20:58:01.044301] INFO: SQL query executed: [INSERT INTO logs (url, created) VALUES (:url, :created)] - Context: []
[2023-01-08 20:58:01.048279] INFO: SQL query executed: [SELECT * FROM players WHERE world = :world ORDER BY total_xp DESC LIMIT 100] - Context: []
[2023-01-08 20:58:01.048890] INFO: SQL query executed: [SELECT * FROM players WHERE world = :world ORDER BY total_xp DESC LIMIT 100] - Context: []
[2023-01-08 20:58:01.049552] INFO: SQL query executed: [SELECT * FROM clans WHERE world = :world] - Context: []
[2023-01-08 20:58:01.049684] INFO: SQL query executed: [SELECT * FROM clans WHERE world = :world] - Context: []
[2023-01-08 20:58:32.931501] INFO: SQL query executed: [INSERT INTO logs (url, created) VALUES (:url, :created)] - Context: []
[2023-01-08 20:58:55.418565] INFO: SQL query executed: [INSERT INTO logs (url, created) VALUES (:url, :created)] - Context: []
[2023-01-08 20:59:02.248167] INFO: SQL query executed: [INSERT INTO logs (url, created) VALUES (:url, :created)] - Context: []
[2023-01-08 20:59:09.000632] INFO: SQL query executed: [INSERT INTO logs (url, created) VALUES (:url, :created)] - Context: []
[2023-01-08 20:59:09.015793] INFO: SQL query executed: [SELECT uuid, email, password, created FROM users WHERE email = :email] - Context: []
[2023-01-08 20:59:09.031039] INFO: SQL query executed: [INSERT INTO logs (url, created) VALUES (:url, :created)] - Context: []
[2023-01-08 20:59:16.590335] INFO: SQL query executed: [INSERT INTO logs (url, created) VALUES (:url, :created)] - Context: []
[2023-01-08 20:59:42.435027] INFO: SQL query executed: [INSERT INTO logs (url, created) VALUES (:url, :created)] - Context: []
[2023-01-08 20:59:42.438559] INFO: SQL query executed: [SELECT uuid, email, password, created FROM users WHERE email = :email] - Context: []
[2023-01-08 20:59:42.451602] INFO: SQL query executed: [INSERT INTO logs (url, created) VALUES (:url, :created)] - Context: []
[2023-01-08 20:59:47.424104] INFO: SQL query executed: [INSERT INTO logs (url, created) VALUES (:url, :created)] - Context: []
[2023-01-08 20:59:47.435945] INFO: SQL query executed: [SELECT uuid, email, password, created FROM users WHERE email = :email] - Context: []
[2023-01-08 20:59:47.452018] INFO: SQL query executed: [INSERT INTO logs (url, created) VALUES (:url, :created)] - Context: []
[2023-01-08 20:59:52.036907] INFO: SQL query executed: [INSERT INTO logs (url, created) VALUES (:url, :created)] - Context: []
[2023-01-08 20:59:53.517936] INFO: SQL query executed: [INSERT INTO logs (url, created) VALUES (:url, :created)] - Context: []
[2023-01-08 20:59:53.529503] INFO: SQL query executed: [SELECT uuid, email, password, created FROM users WHERE email = :email] - Context: []
[2023-01-08 20:59:53.545031] INFO: SQL query executed: [INSERT INTO logs (url, created) VALUES (:url, :created)] - Context: []
[2023-01-08 21:00:08.493483] INFO: SQL query executed: [INSERT INTO logs (url, created) VALUES (:url, :created)] - Context: []
[2023-01-08 21:00:08.505061] INFO: SQL query executed: [SELECT uuid, email, password, created FROM users WHERE email = :email] - Context: []
[2023-01-08 21:00:08.518314] INFO: SQL query executed: [INSERT INTO logs (url, created) VALUES (:url, :created)] - Context: []
[2023-01-08 21:01:35.229612] INFO: SQL query executed: [INSERT INTO logs (url, created) VALUES (:url, :created)] - Context: []
[2023-01-08 21:01:35.252139] INFO: SQL query executed: [SELECT uuid, email, password, created FROM users WHERE email = :email] - Context: []
[2023-01-08 21:01:35.305424] INFO: SQL query executed: [INSERT INTO logs (url, created) VALUES (:url, :created)] - Context: []
[2023-01-08 21:01:39.042792] INFO: SQL query executed: [INSERT INTO logs (url, created) VALUES (:url, :created)] - Context: []
[2023-01-08 21:01:42.646505] INFO: SQL query executed: [INSERT INTO logs (url, created) VALUES (:url, :created)] - Context: []
[2023-01-08 21:01:42.657564] INFO: SQL query executed: [SELECT uuid, email, password, created FROM users WHERE email = :email] - Context: []
[2023-01-08 21:01:42.708830] INFO: SQL query executed: [INSERT INTO logs (url, created) VALUES (:url, :created)] - Context: []
[2023-01-08 21:01:42.712582] INFO: SQL query executed: [SELECT * FROM players WHERE world = :world ORDER BY total_xp DESC LIMIT 100] - Context: []
[2023-01-08 21:01:42.713159] INFO: SQL query executed: [SELECT * FROM players WHERE world = :world ORDER BY total_xp DESC LIMIT 100] - Context: []
[2023-01-08 21:01:42.713780] INFO: SQL query executed: [SELECT * FROM clans WHERE world = :world] - Context: []
[2023-01-08 21:01:42.713921] INFO: SQL query executed: [SELECT * FROM clans WHERE world = :world] - Context: []
[2023-01-08 21:01:42.715848] INFO: SQL query executed: [SELECT uuid, email, password, created FROM users WHERE email = :email] - Context: []
[2023-01-08 21:04:06.370129] INFO: SQL query executed: [INSERT INTO logs (url, created) VALUES (:url, :created)] - Context: []
[2023-01-08 21:04:06.397381] INFO: SQL query executed: [INSERT INTO logs (url, created) VALUES (:url, :created)] - Context: []
[2023-01-08 21:04:06.401129] INFO: SQL query executed: [SELECT * FROM players WHERE world = :world ORDER BY total_xp DESC LIMIT 100] - Context: []
[2023-01-08 21:04:06.401708] INFO: SQL query executed: [SELECT * FROM players WHERE world = :world ORDER BY total_xp DESC LIMIT 100] - Context: []
[2023-01-08 21:04:06.402353] INFO: SQL query executed: [SELECT * FROM clans WHERE world = :world] - Context: []
[2023-01-08 21:04:06.402484] INFO: SQL query executed: [SELECT * FROM clans WHERE world = :world] - Context: []
[2023-01-08 21:04:41.275928] INFO: SQL query executed: [INSERT INTO logs (url, created) VALUES (:url, :created)] - Context: []
[2023-01-08 21:04:52.056549] INFO: SQL query executed: [INSERT INTO logs (url, created) VALUES (:url, :created)] - Context: []
[2023-01-08 21:04:52.070702] INFO: SQL query executed: [SELECT uuid, email, password, created FROM users WHERE email = :email] - Context: []
[2023-01-08 21:04:52.124985] INFO: SQL query executed: [INSERT INTO logs (url, created) VALUES (:url, :created)] - Context: []
[2023-01-08 21:04:52.128597] INFO: SQL query executed: [SELECT * FROM players WHERE world = :world ORDER BY total_xp DESC LIMIT 100] - Context: []
[2023-01-08 21:04:52.129162] INFO: SQL query executed: [SELECT * FROM players WHERE world = :world ORDER BY total_xp DESC LIMIT 100] - Context: []
[2023-01-08 21:04:52.129782] INFO: SQL query executed: [SELECT * FROM clans WHERE world = :world] - Context: []
[2023-01-08 21:04:52.129908] INFO: SQL query executed: [SELECT * FROM clans WHERE world = :world] - Context: []
[2023-01-08 21:04:52.131802] INFO: SQL query executed: [SELECT uuid, email, password, created FROM users WHERE email = :email] - Context: []
[2023-01-08 21:05:21.372624] INFO: SQL query executed: [INSERT INTO logs (url, created) VALUES (:url, :created)] - Context: []
[2023-01-08 21:05:21.386949] INFO: SQL query executed: [SELECT * FROM players WHERE world = :world ORDER BY total_xp DESC LIMIT 100] - Context: []
[2023-01-08 21:05:21.388154] INFO: SQL query executed: [SELECT * FROM players WHERE world = :world ORDER BY total_xp DESC LIMIT 100] - Context: []
[2023-01-08 21:05:21.389531] INFO: SQL query executed: [SELECT * FROM clans WHERE world = :world] - Context: []
[2023-01-08 21:05:21.389815] INFO: SQL query executed: [SELECT * FROM clans WHERE world = :world] - Context: []
[2023-01-08 21:05:21.393915] INFO: SQL query executed: [SELECT uuid, email, password, created FROM users WHERE email = :email] - Context: []
[2023-01-08 21:05:23.287389] INFO: SQL query executed: [INSERT INTO logs (url, created) VALUES (:url, :created)] - Context: []
[2023-01-08 21:05:23.319208] INFO: SQL query executed: [INSERT INTO logs (url, created) VALUES (:url, :created)] - Context: []
[2023-01-08 21:05:23.323221] INFO: SQL query executed: [SELECT * FROM players WHERE world = :world ORDER BY total_xp DESC LIMIT 100] - Context: []
[2023-01-08 21:05:23.323791] INFO: SQL query executed: [SELECT * FROM players WHERE world = :world ORDER BY total_xp DESC LIMIT 100] - Context: []
[2023-01-08 21:05:23.324442] INFO: SQL query executed: [SELECT * FROM clans WHERE world = :world] - Context: []
[2023-01-08 21:05:23.324572] INFO: SQL query executed: [SELECT * FROM clans WHERE world = :world] - Context: []
[2023-01-08 21:05:28.948226] INFO: SQL query executed: [INSERT INTO logs (url, created) VALUES (:url, :created)] - Context: []
[2023-01-08 21:05:28.960169] INFO: SQL query executed: [SELECT * FROM players WHERE world = :world ORDER BY total_xp DESC LIMIT 100] - Context: []
[2023-01-08 21:05:28.960734] INFO: SQL query executed: [SELECT * FROM players WHERE world = :world ORDER BY total_xp DESC LIMIT 100] - Context: []
[2023-01-08 21:05:28.961350] INFO: SQL query executed: [SELECT * FROM clans WHERE world = :world] - Context: []
[2023-01-08 21:05:28.961482] INFO: SQL query executed: [SELECT * FROM clans WHERE world = :world] - Context: []
[2023-01-08 21:05:33.563524] INFO: SQL query executed: [INSERT INTO logs (url, created) VALUES (:url, :created)] - Context: []
[2023-01-08 21:05:37.316831] INFO: SQL query executed: [INSERT INTO logs (url, created) VALUES (:url, :created)] - Context: []
[2023-01-08 21:05:37.332712] INFO: SQL query executed: [SELECT uuid, email, password, created FROM users WHERE email = :email] - Context: []
[2023-01-08 21:05:37.385260] INFO: SQL query executed: [INSERT INTO logs (url, created) VALUES (:url, :created)] - Context: []
[2023-01-08 21:05:37.389035] INFO: SQL query executed: [SELECT * FROM players WHERE world = :world ORDER BY total_xp DESC LIMIT 100] - Context: []
[2023-01-08 21:05:37.389606] INFO: SQL query executed: [SELECT * FROM players WHERE world = :world ORDER BY total_xp DESC LIMIT 100] - Context: []
[2023-01-08 21:05:37.390238] INFO: SQL query executed: [SELECT * FROM clans WHERE world = :world] - Context: []
[2023-01-08 21:05:37.390362] INFO: SQL query executed: [SELECT * FROM clans WHERE world = :world] - Context: []
[2023-01-08 21:05:37.392249] INFO: SQL query executed: [SELECT uuid, email, password, created FROM users WHERE email = :email] - Context: []
[2023-01-08 21:05:42.372548] INFO: SQL query executed: [INSERT INTO logs (url, created) VALUES (:url, :created)] - Context: []
[2023-01-08 21:05:42.390374] INFO: SQL query executed: [INSERT INTO logs (url, created) VALUES (:url, :created)] - Context: []
[2023-01-08 21:05:42.394147] INFO: SQL query executed: [SELECT * FROM players WHERE world = :world ORDER BY total_xp DESC LIMIT 100] - Context: []
[2023-01-08 21:05:42.394704] INFO: SQL query executed: [SELECT * FROM players WHERE world = :world ORDER BY total_xp DESC LIMIT 100] - Context: []
[2023-01-08 21:05:42.395322] INFO: SQL query executed: [SELECT * FROM clans WHERE world = :world] - Context: []
[2023-01-08 21:05:42.395446] INFO: SQL query executed: [SELECT * FROM clans WHERE world = :world] - Context: []
[2023-01-08 21:05:45.809133] INFO: SQL query executed: [INSERT INTO logs (url, created) VALUES (:url, :created)] - Context: []
[2023-01-08 21:05:45.826996] INFO: SQL query executed: [SELECT * FROM players WHERE world = :world ORDER BY total_xp DESC LIMIT 100] - Context: []
[2023-01-08 21:05:45.827920] INFO: SQL query executed: [SELECT * FROM players WHERE world = :world ORDER BY total_xp DESC LIMIT 100] - Context: []
[2023-01-08 21:05:45.828975] INFO: SQL query executed: [SELECT * FROM clans WHERE world = :world] - Context: []
[2023-01-08 21:05:45.829182] INFO: SQL query executed: [SELECT * FROM clans WHERE world = :world] - Context: []
[2023-01-08 21:05:46.581892] INFO: SQL query executed: [INSERT INTO logs (url, created) VALUES (:url, :created)] - Context: []
[2023-01-08 21:05:46.594306] INFO: SQL query executed: [SELECT * FROM players WHERE world = :world ORDER BY total_xp DESC LIMIT 100] - Context: []
[2023-01-08 21:05:46.595230] INFO: SQL query executed: [SELECT * FROM players WHERE world = :world ORDER BY total_xp DESC LIMIT 100] - Context: []
[2023-01-08 21:05:46.596260] INFO: SQL query executed: [SELECT * FROM clans WHERE world = :world] - Context: []
[2023-01-08 21:05:46.596469] INFO: SQL query executed: [SELECT * FROM clans WHERE world = :world] - Context: []
[2023-01-08 21:05:47.143203] INFO: SQL query executed: [INSERT INTO logs (url, created) VALUES (:url, :created)] - Context: []
[2023-01-08 21:05:47.162994] INFO: SQL query executed: [ SELECT p.world, p.name, pas1.player_id, pas2.seconds - pas1.seconds AS playtime FROM players_active_seconds AS pas1 INNER JOIN players_active_seconds AS pas2 ON pas1.player_id = pas2.player_id LEFT JOIN players AS p ON p.player_id = pas1.player_id AND p.world = pas1.world WHERE pas1.world = :world AND pas2.world = :world AND pas1.created = :yesterday AND pas2.created = :today AND pas2.seconds - pas1.seconds > 0 AND p.name IS NOT NULL ORDER BY pas2.seconds - pas1.seconds DESC] - Context: []
[2023-01-08 21:05:47.163168] INFO: SQL query executed: [ SELECT p.world, p.name, pas1.player_id, pas2.seconds - pas1.seconds AS playtime FROM players_active_seconds AS pas1 INNER JOIN players_active_seconds AS pas2 ON pas1.player_id = pas2.player_id LEFT JOIN players AS p ON p.player_id = pas1.player_id AND p.world = pas1.world WHERE pas1.world = :world AND pas2.world = :world AND pas1.created = :yesterday AND pas2.created = :today AND pas2.seconds - pas1.seconds > 0 AND p.name IS NOT NULL ORDER BY pas2.seconds - pas1.seconds DESC] - Context: []
[2023-01-08 21:05:48.164216] INFO: SQL query executed: [INSERT INTO logs (url, created) VALUES (:url, :created)] - Context: []
[2023-01-08 21:05:48.184893] INFO: SQL query executed: [SELECT * FROM players_name_history WHERE world = :world ORDER BY created DESC] - Context: []
[2023-01-08 21:05:48.184989] INFO: SQL query executed: [SELECT * FROM players_name_history WHERE world = :world ORDER BY created DESC] - Context: []
[2023-01-08 21:05:49.109309] INFO: SQL query executed: [INSERT INTO logs (url, created) VALUES (:url, :created)] - Context: []
[2023-01-08 21:05:49.144365] INFO: SQL query executed: [INSERT INTO logs (url, created) VALUES (:url, :created)] - Context: []
[2023-01-08 21:05:49.144554] INFO: SQL query executed: [INSERT INTO logs (url, created) VALUES (:url, :created)] - Context: []
[2023-01-08 21:05:50.104494] INFO: SQL query executed: [INSERT INTO logs (url, created) VALUES (:url, :created)] - Context: []
[2023-01-08 21:05:50.116975] INFO: SQL query executed: [SELECT * FROM players WHERE world = :world ORDER BY total_xp DESC LIMIT 100] - Context: []
[2023-01-08 21:05:50.117904] INFO: SQL query executed: [SELECT * FROM players WHERE world = :world ORDER BY total_xp DESC LIMIT 100] - Context: []
[2023-01-08 21:05:50.118941] INFO: SQL query executed: [SELECT * FROM clans WHERE world = :world] - Context: []
[2023-01-08 21:05:50.119148] INFO: SQL query executed: [SELECT * FROM clans WHERE world = :world] - Context: []
